<?xml version="1.0" encoding="UTF-8"?>
<testng-results ignored="0" total="1" passed="1" failed="0" skipped="0">
  <reporter-output>
  </reporter-output>
  <suite started-at="2023-06-04T16:31:59 AEST" name="All Test Suite" finished-at="2023-06-04T16:32:00 AEST" duration-ms="469">
    <groups>
      <group name="cucumber">
        <method signature="AbstractTestNGCucumberTests.runScenario(io.cucumber.testng.PickleWrapper,io.cucumber.testng.FeatureWrapper)[pri:0, instance:Runners.Run@7690781]" name="runScenario" class="io.cucumber.testng.AbstractTestNGCucumberTests"/>
      </group> <!-- cucumber -->
    </groups>
    <test started-at="2023-06-04T16:31:59 AEST" name="D:\Project\ToolsQA\testng.xml" finished-at="2023-06-04T16:32:00 AEST" duration-ms="469">
      <class name="Runners.Run">
        <test-method is-config="true" signature="setUpClass(org.testng.ITestContext)[pri:0, instance:Runners.Run@7690781]" started-at="2023-06-04T16:31:59 AEST" name="setUpClass" finished-at="2023-06-04T16:32:00 AEST" duration-ms="343" status="PASS">
          <params>
            <param index="0">
              <value>
                <![CDATA[org.testng.TestRunner@67c2e933]]>
              </value>
            </param>
          </params>
          <reporter-output>
          </reporter-output>
        </test-method> <!-- setUpClass -->
        <test-method signature="runScenario(io.cucumber.testng.PickleWrapper,io.cucumber.testng.FeatureWrapper)[pri:0, instance:Runners.Run@7690781]" started-at="2023-06-04T16:32:00 AEST" name="runScenario" description="Runs Cucumber Scenarios" data-provider="scenarios" finished-at="2023-06-04T16:32:00 AEST" duration-ms="78" status="PASS">
          <params>
            <param index="0">
              <value>
                <![CDATA["Demo Scenario"]]>
              </value>
            </param>
            <param index="1">
              <value>
                <![CDATA["Demo Feature"]]>
              </value>
            </param>
          </params>
          <reporter-output>
          </reporter-output>
        </test-method> <!-- runScenario -->
        <test-method is-config="true" signature="tearDownClass()[pri:0, instance:Runners.Run@7690781]" started-at="2023-06-04T16:32:00 AEST" name="tearDownClass" finished-at="2023-06-04T16:32:00 AEST" duration-ms="0" status="PASS">
          <reporter-output>
          </reporter-output>
        </test-method> <!-- tearDownClass -->
      </class> <!-- Runners.Run -->
    </test> <!-- D:\Project\ToolsQA\testng.xml -->
  </suite> <!-- All Test Suite -->
</testng-results>
